;  LST file generated by mikroListExporter - v.2.0 
; Date/Time: 2015-08-13 ¿ÀÀü 11:45:53
;----------------------------------------------

;Address Opcode 	ASM
0x0000	0x28BD      	GOTO       189
_Interrupt:
0x0004	0x00DF      	MOVWF      R15
0x0005	0x0E03      	SWAPF      STATUS, 0
0x0006	0x0183      	CLRF       STATUS
0x0007	0x00B7      	MOVWF      ___saveSTATUS
0x0008	0x080A      	MOVF       PCLATH, 0
0x0009	0x00B6      	MOVWF      ___savePCLATH
0x000A	0x018A      	CLRF       PCLATH
0x000B	0x0850      	MOVF       R0, 0
0x000C	0x00A0      	MOVWF      32
;12f675 MPPT.mpas,48 :: 		begin
;12f675 MPPT.mpas,49 :: 		if T0IF_bit=1 then begin
0x000D	0x1D0B      	BTFSS      T0IF_bit, BitPos(T0IF_bit+0)
0x000E	0x2826      	GOTO       L__Interrupt2
;12f675 MPPT.mpas,51 :: 		if PWM_SIG=1 then begin
0x000F	0x1283      	BCF        STATUS, 5
0x0010	0x1C05      	BTFSS      GP0_bit, BitPos(GP0_bit+0)
0x0011	0x2820      	GOTO       L__Interrupt5
;12f675 MPPT.mpas,52 :: 		ON_PWM:=VOL_PWM;
0x0012	0x0838      	MOVF       _VOL_PWM, 0
0x0013	0x00AD      	MOVWF      _ON_PWM
;12f675 MPPT.mpas,53 :: 		if ON_PWM=0 then
0x0014	0x0838      	MOVF       _VOL_PWM, 0
0x0015	0x3A00      	XORLW      0
0x0016	0x1D03      	BTFSS      STATUS, 2
0x0017	0x281B      	GOTO       L__Interrupt8
;12f675 MPPT.mpas,54 :: 		TMR0:=255-PWM_MAX
0x0018	0x3032      	MOVLW      50
0x0019	0x0081      	MOVWF      TMR0
0x001A	0x281F      	GOTO       L__Interrupt9
;12f675 MPPT.mpas,55 :: 		else begin
L__Interrupt8:
;12f675 MPPT.mpas,56 :: 		TMR0:=255-ON_PWM;
0x001B	0x082D      	MOVF       _ON_PWM, 0
0x001C	0x3CFF      	SUBLW      255
0x001D	0x0081      	MOVWF      TMR0
;12f675 MPPT.mpas,57 :: 		PWM_SIG:=0;
0x001E	0x1005      	BCF        GP0_bit, BitPos(GP0_bit+0)
;12f675 MPPT.mpas,58 :: 		end;
L__Interrupt9:
;12f675 MPPT.mpas,59 :: 		end else begin
0x001F	0x2824      	GOTO       L__Interrupt6
L__Interrupt5:
;12f675 MPPT.mpas,60 :: 		TMR0:=255-PWM_MAX+ON_PWM;
0x0020	0x082D      	MOVF       _ON_PWM, 0
0x0021	0x3E32      	ADDLW      50
0x0022	0x0081      	MOVWF      TMR0
;12f675 MPPT.mpas,61 :: 		PWM_SIG:=1;
0x0023	0x1405      	BSF        GP0_bit, BitPos(GP0_bit+0)
;12f675 MPPT.mpas,62 :: 		end;
L__Interrupt6:
;12f675 MPPT.mpas,63 :: 		T0IF_bit:=0;
0x0024	0x110B      	BCF        T0IF_bit, BitPos(T0IF_bit+0)
;12f675 MPPT.mpas,64 :: 		end else
0x0025	0x2836      	GOTO       L__Interrupt3
L__Interrupt2:
0x0026	0x1283      	BCF        STATUS, 5
;12f675 MPPT.mpas,65 :: 		if T1IF_bit=1 then begin
0x0027	0x1C0C      	BTFSS      T1IF_bit, BitPos(T1IF_bit+0)
0x0028	0x2836      	GOTO       L__Interrupt11
;12f675 MPPT.mpas,66 :: 		Inc(TICK_1000);
0x0029	0x0AAE      	INCF       _TICK_1000, 1
;12f675 MPPT.mpas,67 :: 		TMR1L:=TMR1L_LOAD;
0x002A	0x3017      	MOVLW      23
0x002B	0x008E      	MOVWF      TMR1L
;12f675 MPPT.mpas,68 :: 		TMR1H:=TMR1H_LOAD;
0x002C	0x30FC      	MOVLW      252
0x002D	0x008F      	MOVWF      TMR1H
;12f675 MPPT.mpas,69 :: 		if TICK_1000>LED1_Tm then begin
0x002E	0x082E      	MOVF       _TICK_1000, 0
0x002F	0x0231      	SUBWF      _LED1_tm, 0
0x0030	0x1803      	BTFSC      STATUS, 0
0x0031	0x2835      	GOTO       L__Interrupt14
;12f675 MPPT.mpas,70 :: 		LED1:=not LED1;
0x0032	0x3020      	MOVLW      32
0x0033	0x0685      	XORWF      GP5_bit, 1
;12f675 MPPT.mpas,71 :: 		TICK_1000:=0;
0x0034	0x01AE      	CLRF       _TICK_1000
;12f675 MPPT.mpas,72 :: 		end;
L__Interrupt14:
;12f675 MPPT.mpas,73 :: 		T1IF_bit:=0;
0x0035	0x100C      	BCF        T1IF_bit, BitPos(T1IF_bit+0)
;12f675 MPPT.mpas,74 :: 		end;
L__Interrupt11:
L__Interrupt3:
;12f675 MPPT.mpas,75 :: 		end;
L_end_Interrupt:
L__Interrupt70:
0x0036	0x0820      	MOVF       32, 0
0x0037	0x00D0      	MOVWF      R0
0x0038	0x0836      	MOVF       ___savePCLATH, 0
0x0039	0x008A      	MOVWF      PCLATH
0x003A	0x0E37      	SWAPF      ___saveSTATUS, 0
0x003B	0x0083      	MOVWF      STATUS
0x003C	0x0EDF      	SWAPF      R15, 1
0x003D	0x0E5F      	SWAPF      R15, 0
0x003E	0x0009      	RETFIE
; end of _Interrupt
_Delay_22us:
;__Lib_Delays.mpas,39 :: 		begin
;__Lib_Delays.mpas,40 :: 		Delay_us(22);
0x003F	0x3007      	MOVLW      7
0x0040	0x1283      	BCF        STATUS, 5
0x0041	0x00DD      	MOVWF      R13
L__Delay_22us5:
0x0042	0x0BDD      	DECFSZ     R13, 1
0x0043	0x2842      	GOTO       L__Delay_22us5
;__Lib_Delays.mpas,41 :: 		end;
L_end_Delay_22us:
0x0044	0x0008      	RETURN
; end of _Delay_22us
_EEPROM_Read:
;__Lib_EEPROM.mpas,13 :: 		
;__Lib_EEPROM.mpas,14 :: 		
0x0045	0x1283      	BCF        STATUS, 5
0x0046	0x0839      	MOVF       FARG_EEPROM_Read_address, 0
0x0047	0x1683      	BSF        STATUS, 5
0x0048	0x009B      	MOVWF      EEADR
;__Lib_EEPROM.mpas,15 :: 		
0x0049	0x139C      	BCF        EECON1, 7
;__Lib_EEPROM.mpas,21 :: 		
0x004A	0x141C      	BSF        EECON1, 0
;__Lib_EEPROM.mpas,22 :: 		
0x004B	0x081A      	MOVF       EEDATA, 0
0x004C	0x00D1      	MOVWF      R1
;__Lib_EEPROM.mpas,23 :: 		
0x004D	0x0851      	MOVF       R1, 0
0x004E	0x00D0      	MOVWF      R0
L_end_EEPROM_Read:
0x004F	0x0008      	RETURN
; end of _EEPROM_Read
_Delay_10ms:
;__Lib_Delays.mpas,84 :: 		begin
;__Lib_Delays.mpas,85 :: 		Delay_ms(10);
0x0050	0x300D      	MOVLW      13
0x0051	0x1283      	BCF        STATUS, 5
0x0052	0x00DC      	MOVWF      R12
0x0053	0x30FB      	MOVLW      251
0x0054	0x00DD      	MOVWF      R13
L__Delay_10ms23:
0x0055	0x0BDD      	DECFSZ     R13, 1
0x0056	0x2855      	GOTO       L__Delay_10ms23
0x0057	0x0BDC      	DECFSZ     R12, 1
0x0058	0x2855      	GOTO       L__Delay_10ms23
0x0059	0x0000      	NOP
0x005A	0x0000      	NOP
;__Lib_Delays.mpas,86 :: 		end;
L_end_Delay_10ms:
0x005B	0x0008      	RETURN
; end of _Delay_10ms
_ADC_Read:
;__Lib_ADC_A_E.mpas,60 :: 		
;__Lib_ADC_A_E.mpas,61 :: 		
0x005C	0x30C3      	MOVLW      195
0x005D	0x1283      	BCF        STATUS, 5
0x005E	0x059F      	ANDWF      ADCON0, 1
;__Lib_ADC_A_E.mpas,66 :: 		
0x005F	0x30F0      	MOVLW      240
0x0060	0x059F      	ANDWF      ADCON0, 1
;__Lib_ADC_A_E.mpas,67 :: 		
0x0061	0x30F0      	MOVLW      240
0x0062	0x1683      	BSF        STATUS, 5
0x0063	0x049F      	IORWF      ANSEL, 1
;__Lib_ADC_A_E.mpas,68 :: 		
0x0064	0x1283      	BCF        STATUS, 5
0x0065	0x179F      	BSF        ADCON0, 7
;__Lib_ADC_A_E.mpas,69 :: 		
0x0066	0x0839      	MOVF       FARG_ADC_Read_channel, 0
0x0067	0x00D0      	MOVWF      R0
0x0068	0x0DD0      	RLF        R0, 1
0x0069	0x1050      	BCF        R0, 0
0x006A	0x0DD0      	RLF        R0, 1
0x006B	0x1050      	BCF        R0, 0
0x006C	0x0850      	MOVF       R0, 0
0x006D	0x049F      	IORWF      ADCON0, 1
;__Lib_ADC_A_E.mpas,72 :: 		
0x006E	0x141F      	BSF        ADCON0, 0
;__Lib_ADC_A_E.mpas,75 :: 		
0x006F	0x203F      	CALL       _Delay_22us
;__Lib_ADC_A_E.mpas,78 :: 		
0x0070	0x149F      	BSF        ADCON0, 1
;__Lib_ADC_A_E.mpas,81 :: 		
L__ADC_Read9:
0x0071	0x1C9F      	BTFSS      ADCON0, 1
0x0072	0x2875      	GOTO       L__ADC_Read10
0x0073	0x0000      	NOP
0x0074	0x2871      	GOTO       L__ADC_Read9
L__ADC_Read10:
;__Lib_ADC_A_E.mpas,84 :: 		
0x0075	0x101F      	BCF        ADCON0, 0
;__Lib_ADC_A_E.mpas,87 :: 		
0x0076	0x081E      	MOVF       ADRESH, 0
0x0077	0x00D1      	MOVWF      R0+1
0x0078	0x01D0      	CLRF       R0
0x0079	0x1683      	BSF        STATUS, 5
0x007A	0x081E      	MOVF       ADRESL, 0
0x007B	0x0450      	IORWF      R0, 0
0x007C	0x00BA      	MOVWF      ADC_Read_local_result
0x007D	0x0851      	MOVF       R0+1, 0
0x007E	0x00BB      	MOVWF      ADC_Read_local_result+1
0x007F	0x3000      	MOVLW      0
0x0080	0x04BB      	IORWF      ADC_Read_local_result+1, 1
;__Lib_ADC_A_E.mpas,89 :: 		
0x0081	0x083A      	MOVF       ADC_Read_local_result, 0
0x0082	0x00D0      	MOVWF      R0
0x0083	0x083B      	MOVF       ADC_Read_local_result+1, 0
0x0084	0x00D1      	MOVWF      R0+1
L_end_ADC_Read:
0x0085	0x0008      	RETURN
; end of _ADC_Read
_Mul_32x32_U:
;__Lib_Math.mpas,1774 :: 		
;__Lib_Math.mpas,1788 :: 		
0x0086	0x1283      	BCF        STATUS, 5
;__Lib_Math.mpas,1789 :: 		
0x0087	0x1303      	BCF        STATUS, 6
;__Lib_Math.mpas,1790 :: 		
0x0088	0x3022      	MOVLW      34
;__Lib_Math.mpas,1791 :: 		
0x0089	0x00DC      	MOVWF      R12
;__Lib_Math.mpas,1792 :: 		
0x008A	0x01D8      	CLRF       R8
;__Lib_Math.mpas,1793 :: 		
0x008B	0x01D9      	CLRF       R9
;__Lib_Math.mpas,1794 :: 		
0x008C	0x01DA      	CLRF       R10
;__Lib_Math.mpas,1795 :: 		
0x008D	0x01DB      	CLRF       R11
;__Lib_Math.mpas,1797 :: 		
_NEXT:
;__Lib_Math.mpas,1801 :: 		
0x008E	0x03DC      	DECF       R12, 1
;__Lib_Math.mpas,1802 :: 		
0x008F	0x1903      	BTFSC      STATUS, 2
;__Lib_Math.mpas,1803 :: 		
0x0090	0x28BC      	GOTO       _EXIT2
;__Lib_Math.mpas,1804 :: 		
0x0091	0x1003      	BCF        STATUS, 0
;__Lib_Math.mpas,1806 :: 		
_LOOP:
;__Lib_Math.mpas,1815 :: 		
0x0092	0x0CDB      	RRF        R11, 1
;__Lib_Math.mpas,1816 :: 		
0x0093	0x0CDA      	RRF        R10, 1
;__Lib_Math.mpas,1817 :: 		
0x0094	0x0CD9      	RRF        R9, 1
;__Lib_Math.mpas,1818 :: 		
0x0095	0x0CD8      	RRF        R8, 1
;__Lib_Math.mpas,1819 :: 		
0x0096	0x0CD3      	RRF        R3, 1
;__Lib_Math.mpas,1820 :: 		
0x0097	0x0CD2      	RRF        R2, 1
;__Lib_Math.mpas,1821 :: 		
0x0098	0x0CD1      	RRF        R1, 1
;__Lib_Math.mpas,1822 :: 		
0x0099	0x0CD0      	RRF        R0, 1
;__Lib_Math.mpas,1827 :: 		
0x009A	0x1C03      	BTFSS      STATUS, 0
;__Lib_Math.mpas,1828 :: 		
0x009B	0x288E      	GOTO       _NEXT
;__Lib_Math.mpas,1829 :: 		
0x009C	0x03DC      	DECF       R12, 1
;__Lib_Math.mpas,1830 :: 		
0x009D	0x1903      	BTFSC      STATUS, 2
;__Lib_Math.mpas,1831 :: 		
0x009E	0x28AE      	GOTO       _EXIT1
;__Lib_Math.mpas,1838 :: 		
0x009F	0x0854      	MOVF       R4, 0
;__Lib_Math.mpas,1839 :: 		
0x00A0	0x07D8      	ADDWF      R8, 1
;__Lib_Math.mpas,1840 :: 		
0x00A1	0x0855      	MOVF       R5, 0
;__Lib_Math.mpas,1841 :: 		
0x00A2	0x1803      	BTFSC      STATUS, 0
;__Lib_Math.mpas,1842 :: 		
0x00A3	0x0F55      	INCFSZ     R5, 0
;__Lib_Math.mpas,1843 :: 		
0x00A4	0x07D9      	ADDWF      R9, 1
;__Lib_Math.mpas,1844 :: 		
0x00A5	0x0856      	MOVF       R6, 0
;__Lib_Math.mpas,1845 :: 		
0x00A6	0x1803      	BTFSC      STATUS, 0
;__Lib_Math.mpas,1846 :: 		
0x00A7	0x0F56      	INCFSZ     R6, 0
;__Lib_Math.mpas,1847 :: 		
0x00A8	0x07DA      	ADDWF      R10, 1
;__Lib_Math.mpas,1848 :: 		
0x00A9	0x0857      	MOVF       R7, 0
;__Lib_Math.mpas,1849 :: 		
0x00AA	0x1803      	BTFSC      STATUS, 0
;__Lib_Math.mpas,1850 :: 		
0x00AB	0x0F57      	INCFSZ     R7, 0
;__Lib_Math.mpas,1851 :: 		
0x00AC	0x07DB      	ADDWF      R11, 1
;__Lib_Math.mpas,1853 :: 		
0x00AD	0x2892      	GOTO       _LOOP
;__Lib_Math.mpas,1855 :: 		
_EXIT1:
;__Lib_Math.mpas,1860 :: 		
0x00AE	0x0854      	MOVF       R4, 0
;__Lib_Math.mpas,1861 :: 		
0x00AF	0x07D8      	ADDWF      R8, 1
;__Lib_Math.mpas,1862 :: 		
0x00B0	0x0855      	MOVF       R5, 0
;__Lib_Math.mpas,1863 :: 		
0x00B1	0x1803      	BTFSC      STATUS, 0
;__Lib_Math.mpas,1864 :: 		
0x00B2	0x0F55      	INCFSZ     R5, 0
;__Lib_Math.mpas,1865 :: 		
0x00B3	0x07D9      	ADDWF      R9, 1
;__Lib_Math.mpas,1866 :: 		
0x00B4	0x0856      	MOVF       R6, 0
;__Lib_Math.mpas,1867 :: 		
0x00B5	0x1803      	BTFSC      STATUS, 0
;__Lib_Math.mpas,1868 :: 		
0x00B6	0x0F56      	INCFSZ     R6, 0
;__Lib_Math.mpas,1869 :: 		
0x00B7	0x07DA      	ADDWF      R10, 1
;__Lib_Math.mpas,1870 :: 		
0x00B8	0x0857      	MOVF       R7, 0
;__Lib_Math.mpas,1871 :: 		
0x00B9	0x1803      	BTFSC      STATUS, 0
;__Lib_Math.mpas,1872 :: 		
0x00BA	0x0F57      	INCFSZ     R7, 0
;__Lib_Math.mpas,1873 :: 		
0x00BB	0x07DB      	ADDWF      R11, 1
;__Lib_Math.mpas,1876 :: 		
_EXIT2:
;__Lib_Math.mpas,1878 :: 		
L_end_Mul_32x32_U:
0x00BC	0x0008      	RETURN
; end of _Mul_32x32_U
_main:
;12f675 MPPT.mpas,77 :: 		begin
;12f675 MPPT.mpas,78 :: 		CMCON:=7;
0x00BD	0x3007      	MOVLW      7
0x00BE	0x1283      	BCF        STATUS, 5
0x00BF	0x0099      	MOVWF      CMCON
;12f675 MPPT.mpas,79 :: 		ANSEL:=%00011100;       // 8/osc, AN3, AN2;
0x00C0	0x301C      	MOVLW      28
0x00C1	0x1683      	BSF        STATUS, 5
0x00C2	0x009F      	MOVWF      ANSEL
;12f675 MPPT.mpas,81 :: 		TRISIO0_bit:=0;      // PWM
0x00C3	0x1005      	BCF        TRISIO0_bit, BitPos(TRISIO0_bit+0)
;12f675 MPPT.mpas,82 :: 		TRISIO1_bit:=1;      // not Connected
0x00C4	0x1485      	BSF        TRISIO1_bit, BitPos(TRISIO1_bit+0)
;12f675 MPPT.mpas,83 :: 		TRISIO2_bit:=1;      // AN2
0x00C5	0x1505      	BSF        TRISIO2_bit, BitPos(TRISIO2_bit+0)
;12f675 MPPT.mpas,84 :: 		TRISIO4_bit:=1;      // AN3
0x00C6	0x1605      	BSF        TRISIO4_bit, BitPos(TRISIO4_bit+0)
;12f675 MPPT.mpas,85 :: 		TRISIO5_bit:=0;      // LED
0x00C7	0x1285      	BCF        TRISIO5_bit, BitPos(TRISIO5_bit+0)
;12f675 MPPT.mpas,87 :: 		LED1:=0;
0x00C8	0x1283      	BCF        STATUS, 5
0x00C9	0x1285      	BCF        GP5_bit, BitPos(GP5_bit+0)
;12f675 MPPT.mpas,88 :: 		PWM_SIG:=1;
0x00CA	0x1405      	BSF        GP0_bit, BitPos(GP0_bit+0)
;12f675 MPPT.mpas,89 :: 		LED1_tm:=250;
0x00CB	0x30FA      	MOVLW      250
0x00CC	0x00B1      	MOVWF      _LED1_tm
;12f675 MPPT.mpas,90 :: 		ON_PWM:=0;
0x00CD	0x01AD      	CLRF       _ON_PWM
;12f675 MPPT.mpas,91 :: 		VOL_PWM:=PWM_LOW;
0x00CE	0x01B8      	CLRF       _VOL_PWM
;12f675 MPPT.mpas,92 :: 		TICK_1000:=0;
0x00CF	0x01AE      	CLRF       _TICK_1000
;12f675 MPPT.mpas,93 :: 		power_prev:=0;
0x00D0	0x01B2      	CLRF       _power_prev
0x00D1	0x01B3      	CLRF       _power_prev+1
0x00D2	0x01B4      	CLRF       _power_prev+2
0x00D3	0x01B5      	CLRF       _power_prev+3
;12f675 MPPT.mpas,94 :: 		offset_cur:=current_min;
0x00D4	0x3001      	MOVLW      1
0x00D5	0x00AF      	MOVWF      _offset_cur
0x00D6	0x01B0      	CLRF       _offset_cur+1
;12f675 MPPT.mpas,96 :: 		Hi(offset_cur):=EEPROM_Read(0);
0x00D7	0x01B9      	CLRF       FARG_EEPROM_Read_address
0x00D8	0x2045      	CALL       _EEPROM_Read
0x00D9	0x0850      	MOVF       R0, 0
0x00DA	0x00B0      	MOVWF      _offset_cur+1
;12f675 MPPT.mpas,97 :: 		Lo(offset_cur):=EEPROM_Read(1);
0x00DB	0x3001      	MOVLW      1
0x00DC	0x00B9      	MOVWF      FARG_EEPROM_Read_address
0x00DD	0x2045      	CALL       _EEPROM_Read
0x00DE	0x0850      	MOVF       R0, 0
0x00DF	0x00AF      	MOVWF      _offset_cur
;12f675 MPPT.mpas,99 :: 		flag_inc:=True;
0x00E0	0x30FF      	MOVLW      255
0x00E1	0x00AC      	MOVWF      _flag_inc
;12f675 MPPT.mpas,101 :: 		OPTION_REG:=%11010000;        // ~2KHz @ 4MHz, enable weak pull-up
0x00E2	0x30D0      	MOVLW      208
0x00E3	0x0081      	MOVWF      OPTION_REG
;12f675 MPPT.mpas,102 :: 		TMR0IE_bit:=1;
0x00E4	0x168B      	BSF        TMR0IE_bit, BitPos(TMR0IE_bit+0)
;12f675 MPPT.mpas,104 :: 		PEIE_bit:=1;
0x00E5	0x170B      	BSF        PEIE_bit, BitPos(PEIE_bit+0)
;12f675 MPPT.mpas,106 :: 		T1CKPS0_bit:=1;               // timer prescaler 1:2
0x00E6	0x1283      	BCF        STATUS, 5
0x00E7	0x1610      	BSF        T1CKPS0_bit, BitPos(T1CKPS0_bit+0)
;12f675 MPPT.mpas,107 :: 		TMR1CS_bit:=0;
0x00E8	0x1090      	BCF        TMR1CS_bit, BitPos(TMR1CS_bit+0)
;12f675 MPPT.mpas,108 :: 		TMR1IE_bit:=1;
0x00E9	0x1683      	BSF        STATUS, 5
0x00EA	0x140C      	BSF        TMR1IE_bit, BitPos(TMR1IE_bit+0)
;12f675 MPPT.mpas,109 :: 		TMR1L:=TMR1L_LOAD;
0x00EB	0x3017      	MOVLW      23
0x00EC	0x1283      	BCF        STATUS, 5
0x00ED	0x008E      	MOVWF      TMR1L
;12f675 MPPT.mpas,110 :: 		TMR1H:=TMR1H_LOAD;
0x00EE	0x30FC      	MOVLW      252
0x00EF	0x008F      	MOVWF      TMR1H
;12f675 MPPT.mpas,112 :: 		adc_vol:=0;
0x00F0	0x01A7      	CLRF       _adc_vol
0x00F1	0x01A8      	CLRF       _adc_vol+1
;12f675 MPPT.mpas,113 :: 		adc_cur:=0;
0x00F2	0x01A5      	CLRF       _adc_cur
0x00F3	0x01A6      	CLRF       _adc_cur+1
;12f675 MPPT.mpas,115 :: 		GIE_bit:=1;                   // enable Interrupt
0x00F4	0x178B      	BSF        GIE_bit, BitPos(GIE_bit+0)
;12f675 MPPT.mpas,117 :: 		TMR1ON_bit:=1;
0x00F5	0x1410      	BSF        TMR1ON_bit, BitPos(TMR1ON_bit+0)
;12f675 MPPT.mpas,119 :: 		Delay_10ms;
0x00F6	0x2050      	CALL       _Delay_10ms
;12f675 MPPT.mpas,121 :: 		while True do begin
L__main18:
;12f675 MPPT.mpas,122 :: 		if flag_inc then begin
0x00F7	0x082C      	MOVF       _flag_inc, 0
0x00F8	0x1903      	BTFSC      STATUS, 2
0x00F9	0x2900      	GOTO       L__main23
;12f675 MPPT.mpas,123 :: 		if VOL_PWM<PWM_MAX then
0x00FA	0x30CD      	MOVLW      205
0x00FB	0x0238      	SUBWF      _VOL_PWM, 0
0x00FC	0x1803      	BTFSC      STATUS, 0
0x00FD	0x28FF      	GOTO       L__main26
;12f675 MPPT.mpas,124 :: 		Inc(VOL_PWM);
0x00FE	0x0AB8      	INCF       _VOL_PWM, 1
L__main26:
;12f675 MPPT.mpas,125 :: 		end else begin
0x00FF	0x2905      	GOTO       L__main24
L__main23:
;12f675 MPPT.mpas,126 :: 		if VOL_PWM>PWM_LOW then
0x0100	0x0838      	MOVF       _VOL_PWM, 0
0x0101	0x3C00      	SUBLW      0
0x0102	0x1803      	BTFSC      STATUS, 0
0x0103	0x2905      	GOTO       L__main29
;12f675 MPPT.mpas,127 :: 		Dec(VOL_PWM);
0x0104	0x03B8      	DECF       _VOL_PWM, 1
L__main29:
;12f675 MPPT.mpas,128 :: 		end;
L__main24:
;12f675 MPPT.mpas,130 :: 		prev_cur:=0;
0x0105	0x01AA      	CLRF       _prev_cur
0x0106	0x01AB      	CLRF       _prev_cur+1
;12f675 MPPT.mpas,131 :: 		for i:=0 to 60 do begin
0x0107	0x01A9      	CLRF       _i
L__main32:
;12f675 MPPT.mpas,132 :: 		adc_cur:=ADC_Read(2);
0x0108	0x3002      	MOVLW      2
0x0109	0x00B9      	MOVWF      FARG_ADC_Read_channel
0x010A	0x205C      	CALL       _ADC_Read
0x010B	0x0850      	MOVF       R0, 0
0x010C	0x00A5      	MOVWF      _adc_cur
0x010D	0x0851      	MOVF       R0+1, 0
0x010E	0x00A6      	MOVWF      _adc_cur+1
;12f675 MPPT.mpas,133 :: 		if adc_cur>prev_cur then
0x010F	0x0851      	MOVF       R0+1, 0
0x0110	0x022B      	SUBWF      _prev_cur+1, 0
0x0111	0x1D03      	BTFSS      STATUS, 2
0x0112	0x2915      	GOTO       L__main72
0x0113	0x0850      	MOVF       R0, 0
0x0114	0x022A      	SUBWF      _prev_cur, 0
L__main72:
0x0115	0x1803      	BTFSC      STATUS, 0
0x0116	0x291B      	GOTO       L__main37
;12f675 MPPT.mpas,134 :: 		prev_cur:=adc_cur;
0x0117	0x0825      	MOVF       _adc_cur, 0
0x0118	0x00AA      	MOVWF      _prev_cur
0x0119	0x0826      	MOVF       _adc_cur+1, 0
0x011A	0x00AB      	MOVWF      _prev_cur+1
L__main37:
;12f675 MPPT.mpas,135 :: 		end;
0x011B	0x0829      	MOVF       _i, 0
0x011C	0x3A3C      	XORLW      60
0x011D	0x1903      	BTFSC      STATUS, 2
0x011E	0x2921      	GOTO       L__main35
0x011F	0x0AA9      	INCF       _i, 1
0x0120	0x2908      	GOTO       L__main32
L__main35:
;12f675 MPPT.mpas,136 :: 		adc_cur:=prev_cur;
0x0121	0x082A      	MOVF       _prev_cur, 0
0x0122	0x00A5      	MOVWF      _adc_cur
0x0123	0x082B      	MOVF       _prev_cur+1, 0
0x0124	0x00A6      	MOVWF      _adc_cur+1
;12f675 MPPT.mpas,138 :: 		if adc_cur>offset_cur then begin
0x0125	0x082B      	MOVF       _prev_cur+1, 0
0x0126	0x0230      	SUBWF      _offset_cur+1, 0
0x0127	0x1D03      	BTFSS      STATUS, 2
0x0128	0x292B      	GOTO       L__main73
0x0129	0x082A      	MOVF       _prev_cur, 0
0x012A	0x022F      	SUBWF      _offset_cur, 0
L__main73:
0x012B	0x1803      	BTFSC      STATUS, 0
0x012C	0x296F      	GOTO       L__main40
;12f675 MPPT.mpas,139 :: 		adc_vol:=ADC_Read(3);
0x012D	0x3003      	MOVLW      3
0x012E	0x00B9      	MOVWF      FARG_ADC_Read_channel
0x012F	0x205C      	CALL       _ADC_Read
0x0130	0x0850      	MOVF       R0, 0
0x0131	0x00A7      	MOVWF      _adc_vol
0x0132	0x0851      	MOVF       R0+1, 0
0x0133	0x00A8      	MOVWF      _adc_vol+1
;12f675 MPPT.mpas,140 :: 		power_curr:=(adc_cur{ * curr_scale div 10})*adc_vol;
0x0134	0x3000      	MOVLW      0
0x0135	0x00D2      	MOVWF      R0+2
0x0136	0x00D3      	MOVWF      R0+3
0x0137	0x0825      	MOVF       _adc_cur, 0
0x0138	0x00D4      	MOVWF      R4
0x0139	0x0826      	MOVF       _adc_cur+1, 0
0x013A	0x00D5      	MOVWF      R4+1
0x013B	0x01D6      	CLRF       R4+2
0x013C	0x01D7      	CLRF       R4+3
0x013D	0x2086      	CALL       _Mul_32x32_U
0x013E	0x0850      	MOVF       R0, 0
0x013F	0x00A1      	MOVWF      _power_curr
0x0140	0x0851      	MOVF       R0+1, 0
0x0141	0x00A2      	MOVWF      _power_curr+1
0x0142	0x0852      	MOVF       R0+2, 0
0x0143	0x00A3      	MOVWF      _power_curr+2
0x0144	0x0853      	MOVF       R0+3, 0
0x0145	0x00A4      	MOVWF      _power_curr+3
;12f675 MPPT.mpas,141 :: 		if power_curr>=power_prev then begin
0x0146	0x0835      	MOVF       _power_prev+3, 0
0x0147	0x0253      	SUBWF      R0+3, 0
0x0148	0x1D03      	BTFSS      STATUS, 2
0x0149	0x2954      	GOTO       L__main74
0x014A	0x0834      	MOVF       _power_prev+2, 0
0x014B	0x0252      	SUBWF      R0+2, 0
0x014C	0x1D03      	BTFSS      STATUS, 2
0x014D	0x2954      	GOTO       L__main74
0x014E	0x0833      	MOVF       _power_prev+1, 0
0x014F	0x0251      	SUBWF      R0+1, 0
0x0150	0x1D03      	BTFSS      STATUS, 2
0x0151	0x2954      	GOTO       L__main74
0x0152	0x0832      	MOVF       _power_prev, 0
0x0153	0x0250      	SUBWF      R0, 0
L__main74:
0x0154	0x1C03      	BTFSS      STATUS, 0
0x0155	0x295F      	GOTO       L__main43
;12f675 MPPT.mpas,142 :: 		power_prev:=power_curr;
0x0156	0x0821      	MOVF       _power_curr, 0
0x0157	0x00B2      	MOVWF      _power_prev
0x0158	0x0822      	MOVF       _power_curr+1, 0
0x0159	0x00B3      	MOVWF      _power_prev+1
0x015A	0x0823      	MOVF       _power_curr+2, 0
0x015B	0x00B4      	MOVWF      _power_prev+2
0x015C	0x0824      	MOVF       _power_curr+3, 0
0x015D	0x00B5      	MOVWF      _power_prev+3
;12f675 MPPT.mpas,143 :: 		end else begin
0x015E	0x296E      	GOTO       L__main44
L__main43:
;12f675 MPPT.mpas,144 :: 		if flag_inc then begin
0x015F	0x082C      	MOVF       _flag_inc, 0
0x0160	0x1903      	BTFSC      STATUS, 2
0x0161	0x2968      	GOTO       L__main46
;12f675 MPPT.mpas,145 :: 		if VOL_PWM>PWM_LOW then
0x0162	0x0838      	MOVF       _VOL_PWM, 0
0x0163	0x3C00      	SUBLW      0
0x0164	0x1803      	BTFSC      STATUS, 0
0x0165	0x2967      	GOTO       L__main49
;12f675 MPPT.mpas,146 :: 		Dec(VOL_PWM);
0x0166	0x03B8      	DECF       _VOL_PWM, 1
L__main49:
;12f675 MPPT.mpas,147 :: 		end else begin
0x0167	0x296D      	GOTO       L__main47
L__main46:
;12f675 MPPT.mpas,148 :: 		if VOL_PWM<PWM_MAX then
0x0168	0x30CD      	MOVLW      205
0x0169	0x0238      	SUBWF      _VOL_PWM, 0
0x016A	0x1803      	BTFSC      STATUS, 0
0x016B	0x296D      	GOTO       L__main52
;12f675 MPPT.mpas,149 :: 		Inc(VOL_PWM);
0x016C	0x0AB8      	INCF       _VOL_PWM, 1
L__main52:
;12f675 MPPT.mpas,150 :: 		end;
L__main47:
;12f675 MPPT.mpas,151 :: 		flag_inc:=not flag_inc;
0x016D	0x09AC      	COMF       _flag_inc, 1
;12f675 MPPT.mpas,152 :: 		end;
L__main44:
;12f675 MPPT.mpas,153 :: 		end else begin
0x016E	0x2975      	GOTO       L__main41
L__main40:
;12f675 MPPT.mpas,154 :: 		flag_inc:=True;
0x016F	0x30FF      	MOVLW      255
0x0170	0x00AC      	MOVWF      _flag_inc
;12f675 MPPT.mpas,155 :: 		power_prev:=0;
0x0171	0x01B2      	CLRF       _power_prev
0x0172	0x01B3      	CLRF       _power_prev+1
0x0173	0x01B4      	CLRF       _power_prev+2
0x0174	0x01B5      	CLRF       _power_prev+3
;12f675 MPPT.mpas,156 :: 		end;
L__main41:
;12f675 MPPT.mpas,159 :: 		if flag_inc then begin
0x0175	0x082C      	MOVF       _flag_inc, 0
0x0176	0x1903      	BTFSC      STATUS, 2
0x0177	0x297E      	GOTO       L__main55
;12f675 MPPT.mpas,160 :: 		if VOL_PWM=PWM_MAX then
0x0178	0x0838      	MOVF       _VOL_PWM, 0
0x0179	0x3ACD      	XORLW      205
0x017A	0x1D03      	BTFSS      STATUS, 2
0x017B	0x297D      	GOTO       L__main58
;12f675 MPPT.mpas,161 :: 		flag_inc:=False;
0x017C	0x01AC      	CLRF       _flag_inc
L__main58:
;12f675 MPPT.mpas,162 :: 		end else begin
0x017D	0x2984      	GOTO       L__main56
L__main55:
;12f675 MPPT.mpas,163 :: 		if VOL_PWM=PWM_LOW then
0x017E	0x0838      	MOVF       _VOL_PWM, 0
0x017F	0x3A00      	XORLW      0
0x0180	0x1D03      	BTFSS      STATUS, 2
0x0181	0x2984      	GOTO       L__main61
;12f675 MPPT.mpas,164 :: 		flag_inc:=True;
0x0182	0x30FF      	MOVLW      255
0x0183	0x00AC      	MOVWF      _flag_inc
L__main61:
;12f675 MPPT.mpas,165 :: 		end;
L__main56:
;12f675 MPPT.mpas,167 :: 		if VOL_PWM=PWM_MAX then
0x0184	0x0838      	MOVF       _VOL_PWM, 0
0x0185	0x3ACD      	XORLW      205
0x0186	0x1D03      	BTFSS      STATUS, 2
0x0187	0x298B      	GOTO       L__main64
;12f675 MPPT.mpas,168 :: 		LED1_tm:=125
0x0188	0x307D      	MOVLW      125
0x0189	0x00B1      	MOVWF      _LED1_tm
0x018A	0x2998      	GOTO       L__main65
;12f675 MPPT.mpas,169 :: 		else
L__main64:
;12f675 MPPT.mpas,170 :: 		if adc_cur<=offset_cur then
0x018B	0x0826      	MOVF       _adc_cur+1, 0
0x018C	0x0230      	SUBWF      _offset_cur+1, 0
0x018D	0x1D03      	BTFSS      STATUS, 2
0x018E	0x2991      	GOTO       L__main75
0x018F	0x0825      	MOVF       _adc_cur, 0
0x0190	0x022F      	SUBWF      _offset_cur, 0
L__main75:
0x0191	0x1C03      	BTFSS      STATUS, 0
0x0192	0x2996      	GOTO       L__main67
;12f675 MPPT.mpas,171 :: 		LED1_tm:=64
0x0193	0x3040      	MOVLW      64
0x0194	0x00B1      	MOVWF      _LED1_tm
0x0195	0x2998      	GOTO       L__main68
;12f675 MPPT.mpas,172 :: 		else
L__main67:
;12f675 MPPT.mpas,173 :: 		LED1_tm:=250;
0x0196	0x30FA      	MOVLW      250
0x0197	0x00B1      	MOVWF      _LED1_tm
L__main68:
L__main65:
;12f675 MPPT.mpas,174 :: 		end;
0x0198	0x28F7      	GOTO       L__main18
;12f675 MPPT.mpas,175 :: 		end.
L_end_main:
0x0199	0x2999      	GOTO       $+0
; end of _main
Symbol List:
//** Routines locations **
//ADDRESS    SIZE    PROCEDURE
//----------------------------------------------
0x0004      [59]    _Interrupt
0x003F       [6]    _Delay_22us
0x0045      [11]    _EEPROM_Read
0x0050      [12]    _Delay_10ms
0x005C      [42]    _ADC_Read
0x0086      [55]    _Mul_32x32_U
0x00BD     [221]    _main
//** Variables locations ** 
//ADDRESS    SIZE    VARIABLE
//----------------------------------------------
0x0001       [1]    TMR0
0x0003       [1]    STATUS
0x0005       [0]    GP5_bit
0x0005       [0]    PWM_SIG
0x0005       [0]    LED1
0x0005       [0]    GP0_bit
0x000B       [0]    PEIE_bit
0x000B       [0]    TMR0IE_bit
0x000B       [0]    GIE_bit
0x000B       [0]    T0IF_bit
0x000C       [0]    T1IF_bit
0x000E       [1]    TMR1L
0x000F       [1]    TMR1H
0x0010       [0]    T1CKPS0_bit
0x0010       [0]    TMR1ON_bit
0x0010       [0]    TMR1CS_bit
0x0019       [1]    CMCON
0x001E       [1]    ADRESH
0x001F       [1]    ADCON0
0x0021       [4]    _power_curr
0x0025       [2]    _adc_cur
0x0027       [2]    _adc_vol
0x0029       [1]    _i
0x002A       [2]    _prev_cur
0x002C       [1]    _flag_inc
0x002D       [1]    _ON_PWM
0x002E       [1]    _TICK_1000
0x002F       [2]    _offset_cur
0x0031       [1]    _LED1_tm
0x0032       [4]    _power_prev
0x0036       [1]    ___savePCLATH
0x0037       [1]    ___saveSTATUS
0x0038       [1]    _VOL_PWM
0x0039       [1]    FARG_ADC_Read_channel
0x0039       [1]    FARG_EEPROM_Read_address
0x003A       [2]    ADC_Read_local_result
0x0050       [1]    R0
0x0051       [1]    R1
0x0052       [1]    R2
0x0053       [1]    R3
0x0054       [1]    R4
0x0055       [1]    R5
0x0056       [1]    R6
0x0057       [1]    R7
0x0058       [1]    R8
0x0059       [1]    R9
0x005A       [1]    R10
0x005B       [1]    R11
0x005C       [1]    R12
0x005D       [1]    R13
0x005E       [1]    R14
0x005F       [1]    R15
0x0081       [1]    OPTION_REG
0x0085       [0]    TRISIO4_bit
0x0085       [0]    TRISIO5_bit
0x0085       [0]    TRISIO2_bit
0x0085       [0]    TRISIO0_bit
0x0085       [0]    TRISIO1_bit
0x008C       [0]    TMR1IE_bit
0x009A       [1]    EEDATA
0x009B       [1]    EEADR
0x009C       [1]    EECON1
0x009E       [1]    ADRESL
0x009F       [1]    ANSEL
